<?xml version="1.0" encoding="UTF-8"?>
<testsuite xmlns:xsi="http://www.w3.org/2001/XMLSchema-instance" xsi:noNamespaceSchemaLocation="https://maven.apache.org/surefire/maven-surefire-plugin/xsd/surefire-test-report-3.0.xsd" version="3.0" name="com.programming.techie.loans.LoanServiceApplicationTests" time="5.624" tests="1" errors="0" skipped="0" failures="0">
  <properties>
    <property name="java.specification.version" value="17"/>
    <property name="sun.cpu.isalist" value="amd64"/>
    <property name="sun.jnu.encoding" value="Cp1252"/>
    <property name="java.class.path" value="E:\Spring\observability\sb3-grafana-stack\loan-service\target\test-classes;E:\Spring\observability\sb3-grafana-stack\loan-service\target\classes;C:\Users\pblgl\.m2\repository\org\springframework\boot\spring-boot-starter-actuator\3.2.0-SNAPSHOT\spring-boot-starter-actuator-3.2.0-SNAPSHOT.jar;C:\Users\pblgl\.m2\repository\org\springframework\boot\spring-boot-starter\3.2.0-SNAPSHOT\spring-boot-starter-3.2.0-SNAPSHOT.jar;C:\Users\pblgl\.m2\repository\org\springframework\boot\spring-boot\3.2.0-SNAPSHOT\spring-boot-3.2.0-SNAPSHOT.jar;C:\Users\pblgl\.m2\repository\org\springframework\boot\spring-boot-autoconfigure\3.2.0-SNAPSHOT\spring-boot-autoconfigure-3.2.0-SNAPSHOT.jar;C:\Users\pblgl\.m2\repository\org\springframework\boot\spring-boot-starter-logging\3.2.0-SNAPSHOT\spring-boot-starter-logging-3.2.0-SNAPSHOT.jar;C:\Users\pblgl\.m2\repository\org\apache\logging\log4j\log4j-to-slf4j\2.20.0\log4j-to-slf4j-2.20.0.jar;C:\Users\pblgl\.m2\repository\org\apache\logging\log4j\log4j-api\2.20.0\log4j-api-2.20.0.jar;C:\Users\pblgl\.m2\repository\org\slf4j\jul-to-slf4j\2.0.9\jul-to-slf4j-2.0.9.jar;C:\Users\pblgl\.m2\repository\jakarta\annotation\jakarta.annotation-api\2.1.1\jakarta.annotation-api-2.1.1.jar;C:\Users\pblgl\.m2\repository\org\yaml\snakeyaml\2.2\snakeyaml-2.2.jar;C:\Users\pblgl\.m2\repository\org\springframework\boot\spring-boot-actuator-autoconfigure\3.2.0-SNAPSHOT\spring-boot-actuator-autoconfigure-3.2.0-SNAPSHOT.jar;C:\Users\pblgl\.m2\repository\org\springframework\boot\spring-boot-actuator\3.2.0-SNAPSHOT\spring-boot-actuator-3.2.0-SNAPSHOT.jar;C:\Users\pblgl\.m2\repository\com\fasterxml\jackson\core\jackson-databind\2.15.2\jackson-databind-2.15.2.jar;C:\Users\pblgl\.m2\repository\com\fasterxml\jackson\core\jackson-annotations\2.15.2\jackson-annotations-2.15.2.jar;C:\Users\pblgl\.m2\repository\com\fasterxml\jackson\datatype\jackson-datatype-jsr310\2.15.2\jackson-datatype-jsr310-2.15.2.jar;C:\Users\pblgl\.m2\repository\io\micrometer\micrometer-observation\1.12.0-M3\micrometer-observation-1.12.0-M3.jar;C:\Users\pblgl\.m2\repository\io\micrometer\micrometer-commons\1.12.0-M3\micrometer-commons-1.12.0-M3.jar;C:\Users\pblgl\.m2\repository\io\micrometer\micrometer-core\1.12.0-M3\micrometer-core-1.12.0-M3.jar;C:\Users\pblgl\.m2\repository\org\hdrhistogram\HdrHistogram\2.1.12\HdrHistogram-2.1.12.jar;C:\Users\pblgl\.m2\repository\org\latencyutils\LatencyUtils\2.0.3\LatencyUtils-2.0.3.jar;C:\Users\pblgl\.m2\repository\org\springframework\boot\spring-boot-starter-data-jdbc\3.2.0-SNAPSHOT\spring-boot-starter-data-jdbc-3.2.0-SNAPSHOT.jar;C:\Users\pblgl\.m2\repository\org\springframework\boot\spring-boot-starter-jdbc\3.2.0-SNAPSHOT\spring-boot-starter-jdbc-3.2.0-SNAPSHOT.jar;C:\Users\pblgl\.m2\repository\com\zaxxer\HikariCP\5.0.1\HikariCP-5.0.1.jar;C:\Users\pblgl\.m2\repository\org\springframework\spring-jdbc\6.1.0-SNAPSHOT\spring-jdbc-6.1.0-SNAPSHOT.jar;C:\Users\pblgl\.m2\repository\org\springframework\data\spring-data-jdbc\3.2.0-SNAPSHOT\spring-data-jdbc-3.2.0-SNAPSHOT.jar;C:\Users\pblgl\.m2\repository\org\springframework\data\spring-data-relational\3.2.0-SNAPSHOT\spring-data-relational-3.2.0-SNAPSHOT.jar;C:\Users\pblgl\.m2\repository\com\github\jsqlparser\jsqlparser\4.6\jsqlparser-4.6.jar;C:\Users\pblgl\.m2\repository\org\springframework\data\spring-data-commons\3.2.0-SNAPSHOT\spring-data-commons-3.2.0-SNAPSHOT.jar;C:\Users\pblgl\.m2\repository\org\springframework\spring-tx\6.1.0-SNAPSHOT\spring-tx-6.1.0-SNAPSHOT.jar;C:\Users\pblgl\.m2\repository\org\springframework\spring-context\6.1.0-SNAPSHOT\spring-context-6.1.0-SNAPSHOT.jar;C:\Users\pblgl\.m2\repository\org\springframework\spring-beans\6.1.0-SNAPSHOT\spring-beans-6.1.0-SNAPSHOT.jar;C:\Users\pblgl\.m2\repository\org\springframework\boot\spring-boot-starter-web\3.2.0-SNAPSHOT\spring-boot-starter-web-3.2.0-SNAPSHOT.jar;C:\Users\pblgl\.m2\repository\org\springframework\boot\spring-boot-starter-json\3.2.0-SNAPSHOT\spring-boot-starter-json-3.2.0-SNAPSHOT.jar;C:\Users\pblgl\.m2\repository\com\fasterxml\jackson\datatype\jackson-datatype-jdk8\2.15.2\jackson-datatype-jdk8-2.15.2.jar;C:\Users\pblgl\.m2\repository\com\fasterxml\jackson\module\jackson-module-parameter-names\2.15.2\jackson-module-parameter-names-2.15.2.jar;C:\Users\pblgl\.m2\repository\org\springframework\boot\spring-boot-starter-tomcat\3.2.0-SNAPSHOT\spring-boot-starter-tomcat-3.2.0-SNAPSHOT.jar;C:\Users\pblgl\.m2\repository\org\apache\tomcat\embed\tomcat-embed-core\10.1.13\tomcat-embed-core-10.1.13.jar;C:\Users\pblgl\.m2\repository\org\apache\tomcat\embed\tomcat-embed-websocket\10.1.13\tomcat-embed-websocket-10.1.13.jar;C:\Users\pblgl\.m2\repository\org\springframework\spring-web\6.1.0-SNAPSHOT\spring-web-6.1.0-SNAPSHOT.jar;C:\Users\pblgl\.m2\repository\org\springframework\spring-webmvc\6.1.0-SNAPSHOT\spring-webmvc-6.1.0-SNAPSHOT.jar;C:\Users\pblgl\.m2\repository\org\springframework\spring-expression\6.1.0-SNAPSHOT\spring-expression-6.1.0-SNAPSHOT.jar;C:\Users\pblgl\.m2\repository\org\springframework\boot\spring-boot-starter-validation\3.2.0-SNAPSHOT\spring-boot-starter-validation-3.2.0-SNAPSHOT.jar;C:\Users\pblgl\.m2\repository\org\apache\tomcat\embed\tomcat-embed-el\10.1.13\tomcat-embed-el-10.1.13.jar;C:\Users\pblgl\.m2\repository\org\hibernate\validator\hibernate-validator\8.0.1.Final\hibernate-validator-8.0.1.Final.jar;C:\Users\pblgl\.m2\repository\jakarta\validation\jakarta.validation-api\3.0.2\jakarta.validation-api-3.0.2.jar;C:\Users\pblgl\.m2\repository\org\jboss\logging\jboss-logging\3.5.3.Final\jboss-logging-3.5.3.Final.jar;C:\Users\pblgl\.m2\repository\com\fasterxml\classmate\1.5.1\classmate-1.5.1.jar;C:\Users\pblgl\.m2\repository\org\flywaydb\flyway-core\9.22.0\flyway-core-9.22.0.jar;C:\Users\pblgl\.m2\repository\com\fasterxml\jackson\dataformat\jackson-dataformat-toml\2.15.2\jackson-dataformat-toml-2.15.2.jar;C:\Users\pblgl\.m2\repository\com\fasterxml\jackson\core\jackson-core\2.15.2\jackson-core-2.15.2.jar;C:\Users\pblgl\.m2\repository\com\google\code\gson\gson\2.10.1\gson-2.10.1.jar;C:\Users\pblgl\.m2\repository\org\flywaydb\flyway-mysql\9.22.0\flyway-mysql-9.22.0.jar;C:\Users\pblgl\.m2\repository\com\mysql\mysql-connector-j\8.1.0\mysql-connector-j-8.1.0.jar;C:\Users\pblgl\.m2\repository\org\projectlombok\lombok\1.18.28\lombok-1.18.28.jar;C:\Users\pblgl\.m2\repository\org\springframework\boot\spring-boot-starter-test\3.2.0-SNAPSHOT\spring-boot-starter-test-3.2.0-SNAPSHOT.jar;C:\Users\pblgl\.m2\repository\org\springframework\boot\spring-boot-test\3.2.0-SNAPSHOT\spring-boot-test-3.2.0-SNAPSHOT.jar;C:\Users\pblgl\.m2\repository\org\springframework\boot\spring-boot-test-autoconfigure\3.2.0-SNAPSHOT\spring-boot-test-autoconfigure-3.2.0-SNAPSHOT.jar;C:\Users\pblgl\.m2\repository\com\jayway\jsonpath\json-path\2.8.0\json-path-2.8.0.jar;C:\Users\pblgl\.m2\repository\jakarta\xml\bind\jakarta.xml.bind-api\4.0.0\jakarta.xml.bind-api-4.0.0.jar;C:\Users\pblgl\.m2\repository\jakarta\activation\jakarta.activation-api\2.1.2\jakarta.activation-api-2.1.2.jar;C:\Users\pblgl\.m2\repository\net\minidev\json-smart\2.5.0\json-smart-2.5.0.jar;C:\Users\pblgl\.m2\repository\net\minidev\accessors-smart\2.5.0\accessors-smart-2.5.0.jar;C:\Users\pblgl\.m2\repository\org\ow2\asm\asm\9.3\asm-9.3.jar;C:\Users\pblgl\.m2\repository\org\assertj\assertj-core\3.24.2\assertj-core-3.24.2.jar;C:\Users\pblgl\.m2\repository\net\bytebuddy\byte-buddy\1.14.7\byte-buddy-1.14.7.jar;C:\Users\pblgl\.m2\repository\org\hamcrest\hamcrest\2.2\hamcrest-2.2.jar;C:\Users\pblgl\.m2\repository\org\junit\jupiter\junit-jupiter\5.10.0\junit-jupiter-5.10.0.jar;C:\Users\pblgl\.m2\repository\org\junit\jupiter\junit-jupiter-api\5.10.0\junit-jupiter-api-5.10.0.jar;C:\Users\pblgl\.m2\repository\org\opentest4j\opentest4j\1.3.0\opentest4j-1.3.0.jar;C:\Users\pblgl\.m2\repository\org\junit\platform\junit-platform-commons\1.10.0\junit-platform-commons-1.10.0.jar;C:\Users\pblgl\.m2\repository\org\apiguardian\apiguardian-api\1.1.2\apiguardian-api-1.1.2.jar;C:\Users\pblgl\.m2\repository\org\junit\jupiter\junit-jupiter-params\5.10.0\junit-jupiter-params-5.10.0.jar;C:\Users\pblgl\.m2\repository\org\junit\jupiter\junit-jupiter-engine\5.10.0\junit-jupiter-engine-5.10.0.jar;C:\Users\pblgl\.m2\repository\org\junit\platform\junit-platform-engine\1.10.0\junit-platform-engine-1.10.0.jar;C:\Users\pblgl\.m2\repository\org\mockito\mockito-core\5.5.0\mockito-core-5.5.0.jar;C:\Users\pblgl\.m2\repository\net\bytebuddy\byte-buddy-agent\1.14.7\byte-buddy-agent-1.14.7.jar;C:\Users\pblgl\.m2\repository\org\objenesis\objenesis\3.3\objenesis-3.3.jar;C:\Users\pblgl\.m2\repository\org\mockito\mockito-junit-jupiter\5.5.0\mockito-junit-jupiter-5.5.0.jar;C:\Users\pblgl\.m2\repository\org\skyscreamer\jsonassert\1.5.1\jsonassert-1.5.1.jar;C:\Users\pblgl\.m2\repository\com\vaadin\external\google\android-json\0.0.20131108.vaadin1\android-json-0.0.20131108.vaadin1.jar;C:\Users\pblgl\.m2\repository\org\springframework\spring-core\6.1.0-SNAPSHOT\spring-core-6.1.0-SNAPSHOT.jar;C:\Users\pblgl\.m2\repository\org\springframework\spring-jcl\6.1.0-SNAPSHOT\spring-jcl-6.1.0-SNAPSHOT.jar;C:\Users\pblgl\.m2\repository\org\springframework\spring-test\6.1.0-SNAPSHOT\spring-test-6.1.0-SNAPSHOT.jar;C:\Users\pblgl\.m2\repository\org\xmlunit\xmlunit-core\2.9.1\xmlunit-core-2.9.1.jar;C:\Users\pblgl\.m2\repository\com\github\loki4j\loki-logback-appender\1.3.2\loki-logback-appender-1.3.2.jar;C:\Users\pblgl\.m2\repository\ch\qos\logback\logback-classic\1.4.11\logback-classic-1.4.11.jar;C:\Users\pblgl\.m2\repository\ch\qos\logback\logback-core\1.4.11\logback-core-1.4.11.jar;C:\Users\pblgl\.m2\repository\io\micrometer\micrometer-registry-prometheus\1.12.0-M3\micrometer-registry-prometheus-1.12.0-M3.jar;C:\Users\pblgl\.m2\repository\io\prometheus\simpleclient_common\0.16.0\simpleclient_common-0.16.0.jar;C:\Users\pblgl\.m2\repository\io\prometheus\simpleclient\0.16.0\simpleclient-0.16.0.jar;C:\Users\pblgl\.m2\repository\io\prometheus\simpleclient_tracer_otel\0.16.0\simpleclient_tracer_otel-0.16.0.jar;C:\Users\pblgl\.m2\repository\io\prometheus\simpleclient_tracer_common\0.16.0\simpleclient_tracer_common-0.16.0.jar;C:\Users\pblgl\.m2\repository\io\prometheus\simpleclient_tracer_otel_agent\0.16.0\simpleclient_tracer_otel_agent-0.16.0.jar;C:\Users\pblgl\.m2\repository\io\micrometer\micrometer-tracing-bridge-brave\1.2.0-M3\micrometer-tracing-bridge-brave-1.2.0-M3.jar;C:\Users\pblgl\.m2\repository\io\micrometer\micrometer-tracing\1.2.0-M3\micrometer-tracing-1.2.0-M3.jar;C:\Users\pblgl\.m2\repository\io\micrometer\context-propagation\1.0.5\context-propagation-1.0.5.jar;C:\Users\pblgl\.m2\repository\aopalliance\aopalliance\1.0\aopalliance-1.0.jar;C:\Users\pblgl\.m2\repository\org\slf4j\slf4j-api\2.0.9\slf4j-api-2.0.9.jar;C:\Users\pblgl\.m2\repository\io\zipkin\brave\brave\5.16.0\brave-5.16.0.jar;C:\Users\pblgl\.m2\repository\io\zipkin\brave\brave-context-slf4j\5.16.0\brave-context-slf4j-5.16.0.jar;C:\Users\pblgl\.m2\repository\io\zipkin\brave\brave-instrumentation-http\5.16.0\brave-instrumentation-http-5.16.0.jar;C:\Users\pblgl\.m2\repository\io\zipkin\aws\brave-propagation-aws\0.23.5\brave-propagation-aws-0.23.5.jar;C:\Users\pblgl\.m2\repository\io\zipkin\reporter2\zipkin-reporter-brave\2.16.3\zipkin-reporter-brave-2.16.3.jar;C:\Users\pblgl\.m2\repository\io\zipkin\reporter2\zipkin-reporter\2.16.3\zipkin-reporter-2.16.3.jar;C:\Users\pblgl\.m2\repository\io\zipkin\zipkin2\zipkin\2.23.2\zipkin-2.23.2.jar;C:\Users\pblgl\.m2\repository\net\ttddyy\observation\datasource-micrometer-spring-boot\1.0.1\datasource-micrometer-spring-boot-1.0.1.jar;C:\Users\pblgl\.m2\repository\net\ttddyy\observation\datasource-micrometer\1.0.1\datasource-micrometer-1.0.1.jar;C:\Users\pblgl\.m2\repository\net\ttddyy\datasource-proxy\1.8.1\datasource-proxy-1.8.1.jar;C:\Users\pblgl\.m2\repository\org\springframework\boot\spring-boot-starter-aop\3.2.0-SNAPSHOT\spring-boot-starter-aop-3.2.0-SNAPSHOT.jar;C:\Users\pblgl\.m2\repository\org\springframework\spring-aop\6.1.0-SNAPSHOT\spring-aop-6.1.0-SNAPSHOT.jar;C:\Users\pblgl\.m2\repository\org\aspectj\aspectjweaver\1.9.20\aspectjweaver-1.9.20.jar;"/>
    <property name="java.vm.vendor" value="Oracle Corporation"/>
    <property name="sun.arch.data.model" value="64"/>
    <property name="user.variant" value=""/>
    <property name="java.vendor.url" value="https://java.oracle.com/"/>
    <property name="user.timezone" value="America/Santiago"/>
    <property name="org.jboss.logging.provider" value="slf4j"/>
    <property name="os.name" value="Windows 10"/>
    <property name="java.vm.specification.version" value="17"/>
    <property name="sun.java.launcher" value="SUN_STANDARD"/>
    <property name="user.country" value="CL"/>
    <property name="sun.boot.library.path" value="C:\jdk-17.0.2\bin"/>
    <property name="sun.java.command" value="C:\Users\pblgl\AppData\Local\Temp\surefire10054145814108133953\surefirebooter-20230913010401704_3.jar C:\Users\pblgl\AppData\Local\Temp\surefire10054145814108133953 2023-09-13T01-03-59_807-jvmRun1 surefire-20230913010401704_1tmp surefire_0-20230913010401704_2tmp"/>
    <property name="jdk.debug" value="release"/>
    <property name="surefire.test.class.path" value="E:\Spring\observability\sb3-grafana-stack\loan-service\target\test-classes;E:\Spring\observability\sb3-grafana-stack\loan-service\target\classes;C:\Users\pblgl\.m2\repository\org\springframework\boot\spring-boot-starter-actuator\3.2.0-SNAPSHOT\spring-boot-starter-actuator-3.2.0-SNAPSHOT.jar;C:\Users\pblgl\.m2\repository\org\springframework\boot\spring-boot-starter\3.2.0-SNAPSHOT\spring-boot-starter-3.2.0-SNAPSHOT.jar;C:\Users\pblgl\.m2\repository\org\springframework\boot\spring-boot\3.2.0-SNAPSHOT\spring-boot-3.2.0-SNAPSHOT.jar;C:\Users\pblgl\.m2\repository\org\springframework\boot\spring-boot-autoconfigure\3.2.0-SNAPSHOT\spring-boot-autoconfigure-3.2.0-SNAPSHOT.jar;C:\Users\pblgl\.m2\repository\org\springframework\boot\spring-boot-starter-logging\3.2.0-SNAPSHOT\spring-boot-starter-logging-3.2.0-SNAPSHOT.jar;C:\Users\pblgl\.m2\repository\org\apache\logging\log4j\log4j-to-slf4j\2.20.0\log4j-to-slf4j-2.20.0.jar;C:\Users\pblgl\.m2\repository\org\apache\logging\log4j\log4j-api\2.20.0\log4j-api-2.20.0.jar;C:\Users\pblgl\.m2\repository\org\slf4j\jul-to-slf4j\2.0.9\jul-to-slf4j-2.0.9.jar;C:\Users\pblgl\.m2\repository\jakarta\annotation\jakarta.annotation-api\2.1.1\jakarta.annotation-api-2.1.1.jar;C:\Users\pblgl\.m2\repository\org\yaml\snakeyaml\2.2\snakeyaml-2.2.jar;C:\Users\pblgl\.m2\repository\org\springframework\boot\spring-boot-actuator-autoconfigure\3.2.0-SNAPSHOT\spring-boot-actuator-autoconfigure-3.2.0-SNAPSHOT.jar;C:\Users\pblgl\.m2\repository\org\springframework\boot\spring-boot-actuator\3.2.0-SNAPSHOT\spring-boot-actuator-3.2.0-SNAPSHOT.jar;C:\Users\pblgl\.m2\repository\com\fasterxml\jackson\core\jackson-databind\2.15.2\jackson-databind-2.15.2.jar;C:\Users\pblgl\.m2\repository\com\fasterxml\jackson\core\jackson-annotations\2.15.2\jackson-annotations-2.15.2.jar;C:\Users\pblgl\.m2\repository\com\fasterxml\jackson\datatype\jackson-datatype-jsr310\2.15.2\jackson-datatype-jsr310-2.15.2.jar;C:\Users\pblgl\.m2\repository\io\micrometer\micrometer-observation\1.12.0-M3\micrometer-observation-1.12.0-M3.jar;C:\Users\pblgl\.m2\repository\io\micrometer\micrometer-commons\1.12.0-M3\micrometer-commons-1.12.0-M3.jar;C:\Users\pblgl\.m2\repository\io\micrometer\micrometer-core\1.12.0-M3\micrometer-core-1.12.0-M3.jar;C:\Users\pblgl\.m2\repository\org\hdrhistogram\HdrHistogram\2.1.12\HdrHistogram-2.1.12.jar;C:\Users\pblgl\.m2\repository\org\latencyutils\LatencyUtils\2.0.3\LatencyUtils-2.0.3.jar;C:\Users\pblgl\.m2\repository\org\springframework\boot\spring-boot-starter-data-jdbc\3.2.0-SNAPSHOT\spring-boot-starter-data-jdbc-3.2.0-SNAPSHOT.jar;C:\Users\pblgl\.m2\repository\org\springframework\boot\spring-boot-starter-jdbc\3.2.0-SNAPSHOT\spring-boot-starter-jdbc-3.2.0-SNAPSHOT.jar;C:\Users\pblgl\.m2\repository\com\zaxxer\HikariCP\5.0.1\HikariCP-5.0.1.jar;C:\Users\pblgl\.m2\repository\org\springframework\spring-jdbc\6.1.0-SNAPSHOT\spring-jdbc-6.1.0-SNAPSHOT.jar;C:\Users\pblgl\.m2\repository\org\springframework\data\spring-data-jdbc\3.2.0-SNAPSHOT\spring-data-jdbc-3.2.0-SNAPSHOT.jar;C:\Users\pblgl\.m2\repository\org\springframework\data\spring-data-relational\3.2.0-SNAPSHOT\spring-data-relational-3.2.0-SNAPSHOT.jar;C:\Users\pblgl\.m2\repository\com\github\jsqlparser\jsqlparser\4.6\jsqlparser-4.6.jar;C:\Users\pblgl\.m2\repository\org\springframework\data\spring-data-commons\3.2.0-SNAPSHOT\spring-data-commons-3.2.0-SNAPSHOT.jar;C:\Users\pblgl\.m2\repository\org\springframework\spring-tx\6.1.0-SNAPSHOT\spring-tx-6.1.0-SNAPSHOT.jar;C:\Users\pblgl\.m2\repository\org\springframework\spring-context\6.1.0-SNAPSHOT\spring-context-6.1.0-SNAPSHOT.jar;C:\Users\pblgl\.m2\repository\org\springframework\spring-beans\6.1.0-SNAPSHOT\spring-beans-6.1.0-SNAPSHOT.jar;C:\Users\pblgl\.m2\repository\org\springframework\boot\spring-boot-starter-web\3.2.0-SNAPSHOT\spring-boot-starter-web-3.2.0-SNAPSHOT.jar;C:\Users\pblgl\.m2\repository\org\springframework\boot\spring-boot-starter-json\3.2.0-SNAPSHOT\spring-boot-starter-json-3.2.0-SNAPSHOT.jar;C:\Users\pblgl\.m2\repository\com\fasterxml\jackson\datatype\jackson-datatype-jdk8\2.15.2\jackson-datatype-jdk8-2.15.2.jar;C:\Users\pblgl\.m2\repository\com\fasterxml\jackson\module\jackson-module-parameter-names\2.15.2\jackson-module-parameter-names-2.15.2.jar;C:\Users\pblgl\.m2\repository\org\springframework\boot\spring-boot-starter-tomcat\3.2.0-SNAPSHOT\spring-boot-starter-tomcat-3.2.0-SNAPSHOT.jar;C:\Users\pblgl\.m2\repository\org\apache\tomcat\embed\tomcat-embed-core\10.1.13\tomcat-embed-core-10.1.13.jar;C:\Users\pblgl\.m2\repository\org\apache\tomcat\embed\tomcat-embed-websocket\10.1.13\tomcat-embed-websocket-10.1.13.jar;C:\Users\pblgl\.m2\repository\org\springframework\spring-web\6.1.0-SNAPSHOT\spring-web-6.1.0-SNAPSHOT.jar;C:\Users\pblgl\.m2\repository\org\springframework\spring-webmvc\6.1.0-SNAPSHOT\spring-webmvc-6.1.0-SNAPSHOT.jar;C:\Users\pblgl\.m2\repository\org\springframework\spring-expression\6.1.0-SNAPSHOT\spring-expression-6.1.0-SNAPSHOT.jar;C:\Users\pblgl\.m2\repository\org\springframework\boot\spring-boot-starter-validation\3.2.0-SNAPSHOT\spring-boot-starter-validation-3.2.0-SNAPSHOT.jar;C:\Users\pblgl\.m2\repository\org\apache\tomcat\embed\tomcat-embed-el\10.1.13\tomcat-embed-el-10.1.13.jar;C:\Users\pblgl\.m2\repository\org\hibernate\validator\hibernate-validator\8.0.1.Final\hibernate-validator-8.0.1.Final.jar;C:\Users\pblgl\.m2\repository\jakarta\validation\jakarta.validation-api\3.0.2\jakarta.validation-api-3.0.2.jar;C:\Users\pblgl\.m2\repository\org\jboss\logging\jboss-logging\3.5.3.Final\jboss-logging-3.5.3.Final.jar;C:\Users\pblgl\.m2\repository\com\fasterxml\classmate\1.5.1\classmate-1.5.1.jar;C:\Users\pblgl\.m2\repository\org\flywaydb\flyway-core\9.22.0\flyway-core-9.22.0.jar;C:\Users\pblgl\.m2\repository\com\fasterxml\jackson\dataformat\jackson-dataformat-toml\2.15.2\jackson-dataformat-toml-2.15.2.jar;C:\Users\pblgl\.m2\repository\com\fasterxml\jackson\core\jackson-core\2.15.2\jackson-core-2.15.2.jar;C:\Users\pblgl\.m2\repository\com\google\code\gson\gson\2.10.1\gson-2.10.1.jar;C:\Users\pblgl\.m2\repository\org\flywaydb\flyway-mysql\9.22.0\flyway-mysql-9.22.0.jar;C:\Users\pblgl\.m2\repository\com\mysql\mysql-connector-j\8.1.0\mysql-connector-j-8.1.0.jar;C:\Users\pblgl\.m2\repository\org\projectlombok\lombok\1.18.28\lombok-1.18.28.jar;C:\Users\pblgl\.m2\repository\org\springframework\boot\spring-boot-starter-test\3.2.0-SNAPSHOT\spring-boot-starter-test-3.2.0-SNAPSHOT.jar;C:\Users\pblgl\.m2\repository\org\springframework\boot\spring-boot-test\3.2.0-SNAPSHOT\spring-boot-test-3.2.0-SNAPSHOT.jar;C:\Users\pblgl\.m2\repository\org\springframework\boot\spring-boot-test-autoconfigure\3.2.0-SNAPSHOT\spring-boot-test-autoconfigure-3.2.0-SNAPSHOT.jar;C:\Users\pblgl\.m2\repository\com\jayway\jsonpath\json-path\2.8.0\json-path-2.8.0.jar;C:\Users\pblgl\.m2\repository\jakarta\xml\bind\jakarta.xml.bind-api\4.0.0\jakarta.xml.bind-api-4.0.0.jar;C:\Users\pblgl\.m2\repository\jakarta\activation\jakarta.activation-api\2.1.2\jakarta.activation-api-2.1.2.jar;C:\Users\pblgl\.m2\repository\net\minidev\json-smart\2.5.0\json-smart-2.5.0.jar;C:\Users\pblgl\.m2\repository\net\minidev\accessors-smart\2.5.0\accessors-smart-2.5.0.jar;C:\Users\pblgl\.m2\repository\org\ow2\asm\asm\9.3\asm-9.3.jar;C:\Users\pblgl\.m2\repository\org\assertj\assertj-core\3.24.2\assertj-core-3.24.2.jar;C:\Users\pblgl\.m2\repository\net\bytebuddy\byte-buddy\1.14.7\byte-buddy-1.14.7.jar;C:\Users\pblgl\.m2\repository\org\hamcrest\hamcrest\2.2\hamcrest-2.2.jar;C:\Users\pblgl\.m2\repository\org\junit\jupiter\junit-jupiter\5.10.0\junit-jupiter-5.10.0.jar;C:\Users\pblgl\.m2\repository\org\junit\jupiter\junit-jupiter-api\5.10.0\junit-jupiter-api-5.10.0.jar;C:\Users\pblgl\.m2\repository\org\opentest4j\opentest4j\1.3.0\opentest4j-1.3.0.jar;C:\Users\pblgl\.m2\repository\org\junit\platform\junit-platform-commons\1.10.0\junit-platform-commons-1.10.0.jar;C:\Users\pblgl\.m2\repository\org\apiguardian\apiguardian-api\1.1.2\apiguardian-api-1.1.2.jar;C:\Users\pblgl\.m2\repository\org\junit\jupiter\junit-jupiter-params\5.10.0\junit-jupiter-params-5.10.0.jar;C:\Users\pblgl\.m2\repository\org\junit\jupiter\junit-jupiter-engine\5.10.0\junit-jupiter-engine-5.10.0.jar;C:\Users\pblgl\.m2\repository\org\junit\platform\junit-platform-engine\1.10.0\junit-platform-engine-1.10.0.jar;C:\Users\pblgl\.m2\repository\org\mockito\mockito-core\5.5.0\mockito-core-5.5.0.jar;C:\Users\pblgl\.m2\repository\net\bytebuddy\byte-buddy-agent\1.14.7\byte-buddy-agent-1.14.7.jar;C:\Users\pblgl\.m2\repository\org\objenesis\objenesis\3.3\objenesis-3.3.jar;C:\Users\pblgl\.m2\repository\org\mockito\mockito-junit-jupiter\5.5.0\mockito-junit-jupiter-5.5.0.jar;C:\Users\pblgl\.m2\repository\org\skyscreamer\jsonassert\1.5.1\jsonassert-1.5.1.jar;C:\Users\pblgl\.m2\repository\com\vaadin\external\google\android-json\0.0.20131108.vaadin1\android-json-0.0.20131108.vaadin1.jar;C:\Users\pblgl\.m2\repository\org\springframework\spring-core\6.1.0-SNAPSHOT\spring-core-6.1.0-SNAPSHOT.jar;C:\Users\pblgl\.m2\repository\org\springframework\spring-jcl\6.1.0-SNAPSHOT\spring-jcl-6.1.0-SNAPSHOT.jar;C:\Users\pblgl\.m2\repository\org\springframework\spring-test\6.1.0-SNAPSHOT\spring-test-6.1.0-SNAPSHOT.jar;C:\Users\pblgl\.m2\repository\org\xmlunit\xmlunit-core\2.9.1\xmlunit-core-2.9.1.jar;C:\Users\pblgl\.m2\repository\com\github\loki4j\loki-logback-appender\1.3.2\loki-logback-appender-1.3.2.jar;C:\Users\pblgl\.m2\repository\ch\qos\logback\logback-classic\1.4.11\logback-classic-1.4.11.jar;C:\Users\pblgl\.m2\repository\ch\qos\logback\logback-core\1.4.11\logback-core-1.4.11.jar;C:\Users\pblgl\.m2\repository\io\micrometer\micrometer-registry-prometheus\1.12.0-M3\micrometer-registry-prometheus-1.12.0-M3.jar;C:\Users\pblgl\.m2\repository\io\prometheus\simpleclient_common\0.16.0\simpleclient_common-0.16.0.jar;C:\Users\pblgl\.m2\repository\io\prometheus\simpleclient\0.16.0\simpleclient-0.16.0.jar;C:\Users\pblgl\.m2\repository\io\prometheus\simpleclient_tracer_otel\0.16.0\simpleclient_tracer_otel-0.16.0.jar;C:\Users\pblgl\.m2\repository\io\prometheus\simpleclient_tracer_common\0.16.0\simpleclient_tracer_common-0.16.0.jar;C:\Users\pblgl\.m2\repository\io\prometheus\simpleclient_tracer_otel_agent\0.16.0\simpleclient_tracer_otel_agent-0.16.0.jar;C:\Users\pblgl\.m2\repository\io\micrometer\micrometer-tracing-bridge-brave\1.2.0-M3\micrometer-tracing-bridge-brave-1.2.0-M3.jar;C:\Users\pblgl\.m2\repository\io\micrometer\micrometer-tracing\1.2.0-M3\micrometer-tracing-1.2.0-M3.jar;C:\Users\pblgl\.m2\repository\io\micrometer\context-propagation\1.0.5\context-propagation-1.0.5.jar;C:\Users\pblgl\.m2\repository\aopalliance\aopalliance\1.0\aopalliance-1.0.jar;C:\Users\pblgl\.m2\repository\org\slf4j\slf4j-api\2.0.9\slf4j-api-2.0.9.jar;C:\Users\pblgl\.m2\repository\io\zipkin\brave\brave\5.16.0\brave-5.16.0.jar;C:\Users\pblgl\.m2\repository\io\zipkin\brave\brave-context-slf4j\5.16.0\brave-context-slf4j-5.16.0.jar;C:\Users\pblgl\.m2\repository\io\zipkin\brave\brave-instrumentation-http\5.16.0\brave-instrumentation-http-5.16.0.jar;C:\Users\pblgl\.m2\repository\io\zipkin\aws\brave-propagation-aws\0.23.5\brave-propagation-aws-0.23.5.jar;C:\Users\pblgl\.m2\repository\io\zipkin\reporter2\zipkin-reporter-brave\2.16.3\zipkin-reporter-brave-2.16.3.jar;C:\Users\pblgl\.m2\repository\io\zipkin\reporter2\zipkin-reporter\2.16.3\zipkin-reporter-2.16.3.jar;C:\Users\pblgl\.m2\repository\io\zipkin\zipkin2\zipkin\2.23.2\zipkin-2.23.2.jar;C:\Users\pblgl\.m2\repository\net\ttddyy\observation\datasource-micrometer-spring-boot\1.0.1\datasource-micrometer-spring-boot-1.0.1.jar;C:\Users\pblgl\.m2\repository\net\ttddyy\observation\datasource-micrometer\1.0.1\datasource-micrometer-1.0.1.jar;C:\Users\pblgl\.m2\repository\net\ttddyy\datasource-proxy\1.8.1\datasource-proxy-1.8.1.jar;C:\Users\pblgl\.m2\repository\org\springframework\boot\spring-boot-starter-aop\3.2.0-SNAPSHOT\spring-boot-starter-aop-3.2.0-SNAPSHOT.jar;C:\Users\pblgl\.m2\repository\org\springframework\spring-aop\6.1.0-SNAPSHOT\spring-aop-6.1.0-SNAPSHOT.jar;C:\Users\pblgl\.m2\repository\org\aspectj\aspectjweaver\1.9.20\aspectjweaver-1.9.20.jar;"/>
    <property name="sun.cpu.endian" value="little"/>
    <property name="user.home" value="C:\Users\pblgl"/>
    <property name="user.language" value="es"/>
    <property name="java.specification.vendor" value="Oracle Corporation"/>
    <property name="java.version.date" value="2022-01-18"/>
    <property name="java.home" value="C:\jdk-17.0.2"/>
    <property name="file.separator" value="\"/>
    <property name="basedir" value="E:\Spring\observability\sb3-grafana-stack\loan-service"/>
    <property name="java.vm.compressedOopsMode" value="Zero based"/>
    <property name="line.separator" value="&#10;"/>
    <property name="java.vm.specification.vendor" value="Oracle Corporation"/>
    <property name="java.specification.name" value="Java Platform API Specification"/>
    <property name="FILE_LOG_CHARSET" value="windows-1252"/>
    <property name="java.awt.headless" value="true"/>
    <property name="surefire.real.class.path" value="C:\Users\pblgl\AppData\Local\Temp\surefire10054145814108133953\surefirebooter-20230913010401704_3.jar"/>
    <property name="user.script" value=""/>
    <property name="sun.management.compiler" value="HotSpot 64-Bit Tiered Compilers"/>
    <property name="java.runtime.version" value="17.0.2+8-86"/>
    <property name="LOG_CORRELATION_PATTERN" value="%correlationId"/>
    <property name="user.name" value="pblgl"/>
    <property name="path.separator" value=";"/>
    <property name="os.version" value="10.0"/>
    <property name="java.runtime.name" value="OpenJDK Runtime Environment"/>
    <property name="file.encoding" value="Cp1252"/>
    <property name="java.vm.name" value="OpenJDK 64-Bit Server VM"/>
    <property name="localRepository" value="C:\Users\pblgl\.m2\repository"/>
    <property name="java.vendor.url.bug" value="https://bugreport.java.com/bugreport/"/>
    <property name="java.io.tmpdir" value="C:\Users\pblgl\AppData\Local\Temp\"/>
    <property name="com.zaxxer.hikari.pool_number" value="1"/>
    <property name="java.version" value="17.0.2"/>
    <property name="user.dir" value="E:\Spring\observability\sb3-grafana-stack\loan-service"/>
    <property name="os.arch" value="amd64"/>
    <property name="java.vm.specification.name" value="Java Virtual Machine Specification"/>
    <property name="PID" value="33976"/>
    <property name="sun.os.patch.level" value=""/>
    <property name="CONSOLE_LOG_CHARSET" value="windows-1252"/>
    <property name="native.encoding" value="Cp1252"/>
    <property name="java.library.path" value="C:\jdk-17.0.2\bin;C:\Windows\Sun\Java\bin;C:\Windows\system32;C:\Windows;C:\Program Files (x86)\VMware\VMware Player\bin\;C:\Program Files (x86)\Razer Chroma SDK\bin;C:\Program Files\Razer Chroma SDK\bin;C:\Program Files (x86)\Razer\ChromaBroadcast\bin;C:\Program Files\Razer\ChromaBroadcast\bin;C:\Windows\system32;C:\Windows;C:\Windows\System32\Wbem;C:\Windows\System32\WindowsPowerShell\v1.0\;C:\Windows\System32\OpenSSH\;C:\Program Files\Intel\Intel(R) Memory and Storage Tool\;C:\Windows\system32\config\systemprofile\AppData\Local\Microsoft\WindowsApps;C:\Program Files\Amazon\AWSCLIV2\;C:\Program Files\dotnet\;C:\Program Files\PuTTY\;C:\Windows\System32\OpenSSH\;C:\minikube;C:\jdk-17.0.2\bin;C:\gradle-7.5.1\bin;C:\apache-maven-3.8.6\bin;E:\Spring\vault;C:\Program Files\nodejs\;C:\Program Files\Kubernetes\Minikube;C:\go1.20.7\bin;C:\ProgramData\chocolatey\bin;C:\Program Files\Git\cmd;C:\kafka_2.13-3.5.0;C:\Program Files\Docker\Docker\resources\bin;C:\HashiCorp;C:\Users\pblgl\AppData\Local\Microsoft\WindowsApps;C:\Users\pblgl\AppData\Local\Programs\Microsoft VS Code\bin;C:\Users\pblgl\AppData\Local\GitHubDesktop\bin;C:\Users\pblgl\AppData\Local\Programs\Hyper\resources\bin;C:\Program Files\Multipass\bin;C:\Users\pblgl\AppData\Local\JetBrains\Toolbox\scripts;;C:\Program Files\JetBrains\IntelliJ IDEA Community Edition 2022.2.3\bin;;C:\Users\pblgl\AppData\Local\Programs\oh-my-posh\bin;C:\Users\pblgl\AppData\Roaming\npm;C:\tools\neovim\nvim-win64\bin;;."/>
    <property name="java.vm.info" value="mixed mode, sharing"/>
    <property name="java.vendor" value="Oracle Corporation"/>
    <property name="java.vm.version" value="17.0.2+8-86"/>
    <property name="sun.io.unicode.encoding" value="UnicodeLittle"/>
    <property name="java.class.version" value="61.0"/>
    <property name="LOGGED_APPLICATION_NAME" value="[loan-service] "/>
  </properties>
  <testcase name="contextLoads" classname="com.programming.techie.loans.LoanServiceApplicationTests" time="0.648">
    <system-out><![CDATA[01:04:02.411 [main] INFO org.springframework.test.context.support.AnnotationConfigContextLoaderUtils -- Could not detect default configuration classes for test class [com.programming.techie.loans.LoanServiceApplicationTests]: LoanServiceApplicationTests does not declare any static, non-private, non-final, nested classes annotated with @Configuration.
01:04:02.478 [main] INFO org.springframework.boot.test.context.SpringBootTestContextBootstrapper -- Found @SpringBootConfiguration com.programming.techie.loans.LoanServiceApplication for test class com.programming.techie.loans.LoanServiceApplicationTests

  .   ____          _            __ _ _
 /\\ / ___'_ __ _ _(_)_ __  __ _ \ \ \ \
( ( )\___ | '_ | '_| | '_ \/ _` | \ \ \ \
 \\/  ___)| |_)| | | | | || (_| |  ) ) ) )
  '  |____| .__|_| |_|_| |_\__, | / / / /
 =========|_|==============|___/=/_/_/_/
 :: Spring Boot ::       (v3.2.0-SNAPSHOT)

2023-09-13T01:04:03.068-03:00  INFO 33976 --- [loan-service] [           main] [                                                 ] c.p.t.loans.LoanServiceApplicationTests  : Starting LoanServiceApplicationTests using Java 17.0.2 with PID 33976 (started by pblgl in E:\Spring\observability\sb3-grafana-stack\loan-service)
2023-09-13T01:04:03.071-03:00  INFO 33976 --- [loan-service] [           main] [                                                 ] c.p.t.loans.LoanServiceApplicationTests  : No active profile set, falling back to 1 default profile: "default"
2023-09-13T01:04:03.828-03:00  INFO 33976 --- [loan-service] [           main] [                                                 ] .s.d.r.c.RepositoryConfigurationDelegate : Bootstrapping Spring Data JDBC repositories in DEFAULT mode.
2023-09-13T01:04:03.842-03:00  INFO 33976 --- [loan-service] [           main] [                                                 ] .s.d.r.c.RepositoryConfigurationDelegate : Finished Spring Data repository scanning in 11 ms. Found 0 JDBC repository interfaces.
2023-09-13T01:04:04.583-03:00  INFO 33976 --- [loan-service] [           main] [                                                 ] com.zaxxer.hikari.HikariDataSource       : HikariPool-1 - Starting...
2023-09-13T01:04:04.898-03:00  INFO 33976 --- [loan-service] [           main] [                                                 ] com.zaxxer.hikari.pool.HikariPool        : HikariPool-1 - Added connection com.mysql.cj.jdbc.ConnectionImpl@213012a0
2023-09-13T01:04:04.900-03:00  INFO 33976 --- [loan-service] [           main] [                                                 ] com.zaxxer.hikari.HikariDataSource       : HikariPool-1 - Start completed.
2023-09-13T01:04:05.504-03:00  INFO 33976 --- [loan-service] [           main] [650134b5862a70d163890677ed89bd95-47d500592851768c] o.f.c.internal.license.VersionPrinter    : Flyway Community Edition 9.22.0 by Redgate
2023-09-13T01:04:05.504-03:00  INFO 33976 --- [loan-service] [           main] [650134b5862a70d163890677ed89bd95-47d500592851768c] o.f.c.internal.license.VersionPrinter    : See release notes here: https://rd.gt/416ObMi
2023-09-13T01:04:05.504-03:00  INFO 33976 --- [loan-service] [           main] [650134b5862a70d163890677ed89bd95-47d500592851768c] o.f.c.internal.license.VersionPrinter    : 
2023-09-13T01:04:05.539-03:00  INFO 33976 --- [loan-service] [           main] [650134b5862a70d163890677ed89bd95-c4463d49a00b4937] org.flywaydb.core.FlywayExecutor         : Database: jdbc:mysql://localhost:3306/loan_service (MySQL 8.0)
2023-09-13T01:04:05.607-03:00  INFO 33976 --- [loan-service] [           main] [650134b5862a70d163890677ed89bd95-2d193577b2792ecb] o.f.core.internal.command.DbValidate     : Successfully validated 1 migration (execution time 00:00.028s)
2023-09-13T01:04:05.641-03:00  INFO 33976 --- [loan-service] [           main] [650134b5862a70d163890677ed89bd95-96756c6a10ac0c86] o.f.core.internal.command.DbMigrate      : Current version of schema `loan_service`: 1
2023-09-13T01:04:05.646-03:00  INFO 33976 --- [loan-service] [           main] [650134b5862a70d163890677ed89bd95-99dac5a32a47906a] o.f.core.internal.command.DbMigrate      : Schema `loan_service` is up to date. No migration necessary.
2023-09-13T01:04:07.094-03:00  INFO 33976 --- [loan-service] [           main] [650134b5862a70d163890677ed89bd95-d7fbe188e65b984f] o.s.b.a.e.web.EndpointLinksResolver      : Exposing 3 endpoint(s) beneath base path '/actuator'
2023-09-13T01:04:07.190-03:00  INFO 33976 --- [loan-service] [           main] [650134b5862a70d163890677ed89bd95-d7fbe188e65b984f] c.p.t.loans.LoanServiceApplicationTests  : Started LoanServiceApplicationTests in 4.603 seconds (process running for 5.404)
]]></system-out>
  </testcase>
</testsuite>